<?xml version="1.0" encoding="UTF-8" ?>
<testsuite failures="0" time="0.054" errors="0" skipped="0" tests="33" name="code.lucamarrocco.scala.command.ScalaCommandTest">
  <properties>
[...]
</properties>
  <testcase time="0.002" classname="code.lucamarrocco.scala.command.ScalaCommandTest" name="extdirs"/>
  <testcase time="0.001" classname="code.lucamarrocco.scala.command.ScalaCommandTest" name="extdir"/>
  <testcase time="0" classname="code.lucamarrocco.scala.command.ScalaCommandTest" name="sourcepaths"/>
  <testcase time="0" classname="code.lucamarrocco.scala.command.ScalaCommandTest" name="sourcepath"/>
  <testcase time="0.001" classname="code.lucamarrocco.scala.command.ScalaCommandTest" name="bootpaths"/>
  <testcase time="0.001" classname="code.lucamarrocco.scala.command.ScalaCommandTest" name="bootpath"/>
  <testcase time="0.001" classname="code.lucamarrocco.scala.command.ScalaCommandTest" name="classpaths"/>
  <testcase time="0.001" classname="code.lucamarrocco.scala.command.ScalaCommandTest" name="classpath"/>
  <testcase time="0.001" classname="code.lucamarrocco.scala.command.ScalaCommandTest" name="target$msil"/>
  <testcase time="0.001" classname="code.lucamarrocco.scala.command.ScalaCommandTest" name="target$jvm14"/>
  <testcase time="0.001" classname="code.lucamarrocco.scala.command.ScalaCommandTest" name="target$jvm15"/>
  <testcase time="0.001" classname="code.lucamarrocco.scala.command.ScalaCommandTest" name="debugging$notailcalls"/>
  <testcase time="0.001" classname="code.lucamarrocco.scala.command.ScalaCommandTest" name="debugging$vars"/>
  <testcase time="0" classname="code.lucamarrocco.scala.command.ScalaCommandTest" name="debugging$line"/>
  <testcase time="0" classname="code.lucamarrocco.scala.command.ScalaCommandTest" name="debugging$source"/>
  <testcase time="0.003" classname="code.lucamarrocco.scala.command.ScalaCommandTest" name="debugging$none"/>
  <testcase time="0.001" classname="code.lucamarrocco.scala.command.ScalaCommandTest" name="uniqid"/>
  <testcase time="0.001" classname="code.lucamarrocco.scala.command.ScalaCommandTest" name="explaintypes"/>
  <testcase time="0" classname="code.lucamarrocco.scala.command.ScalaCommandTest" name="unchecked"/>
  <testcase time="0" classname="code.lucamarrocco.scala.command.ScalaCommandTest" name="deprecated"/>
  <testcase time="0" classname="code.lucamarrocco.scala.command.ScalaCommandTest" name="nowarn"/>
  <testcase time="0.001" classname="code.lucamarrocco.scala.command.ScalaCommandTest" name="sources"/>
  <testcase time="0.001" classname="code.lucamarrocco.scala.command.ScalaCommandTest" name="scalac"/>
  <testcase time="0" classname="code.lucamarrocco.scala.command.ScalaCommandTest" name="source"/>
  <testcase time="0" classname="code.lucamarrocco.scala.command.ScalaCommandTest" name="optimize"/>
  <testcase time="0" classname="code.lucamarrocco.scala.command.ScalaCommandTest" name="print"/>
  <testcase time="0.001" classname="code.lucamarrocco.scala.command.ScalaCommandTest" name="encoding"/>
  <testcase time="0.001" classname="code.lucamarrocco.scala.command.ScalaCommandTest" name="directory"/>
  <testcase time="0.001" classname="code.lucamarrocco.scala.command.ScalaCommandTest" name="version"/>
  <testcase time="0" classname="code.lucamarrocco.scala.command.ScalaCommandTest" name="X"/>
  <testcase time="0" classname="code.lucamarrocco.scala.command.ScalaCommandTest" name="verbose"/>
  <testcase time="0.001" classname="code.lucamarrocco.scala.command.ScalaCommandTest" name="home"/>
  <testcase time="0" classname="code.lucamarrocco.scala.command.ScalaCommandTest" name="help"/>
</testsuite>